<?xml version="1.0" encoding="UTF-8"?>
<testsuite xmlns:xsi="http://www.w3.org/2001/XMLSchema-instance" xsi:noNamespaceSchemaLocation="https://maven.apache.org/surefire/maven-surefire-plugin/xsd/surefire-test-report-3.0.xsd" version="3.0" name="dev.furkanimir.bbmenu.BbmenuApplicationTests" time="6.121" tests="1" errors="0" skipped="0" failures="0">
  <properties>
[...]
</properties>
  <testcase name="contextLoads" classname="dev.furkanimir.bbmenu.BbmenuApplicationTests" time="1.406">
    <system-out><![CDATA[03:38:47.032 [main] INFO org.springframework.test.context.support.AnnotationConfigContextLoaderUtils -- Could not detect default configuration classes for test class [dev.furkanimir.bbmenu.BbmenuApplicationTests]: BbmenuApplicationTests does not declare any static, non-private, non-final, nested classes annotated with @Configuration.
03:38:47.210 [main] INFO org.springframework.boot.test.context.SpringBootTestContextBootstrapper -- Found @SpringBootConfiguration dev.furkanimir.bbmenu.BbmenuApplication for test class dev.furkanimir.bbmenu.BbmenuApplicationTests

  .   ____          _            __ _ _
 /\\ / ___'_ __ _ _(_)_ __  __ _ \ \ \ \
( ( )\___ | '_ | '_| | '_ \/ _` | \ \ \ \
 \\/  ___)| |_)| | | | | || (_| |  ) ) ) )
  '  |____| .__|_| |_|_| |_\__, | / / / /
 =========|_|==============|___/=/_/_/_/
 :: Spring Boot ::                (v3.1.2)

2023-09-24T03:38:47.941+03:00  INFO 19624 --- [           main] m.p.springdotenv.DotenvPropertySource    : Initializing Dotenv with DotenvConfig{directory=null, filename=null, ignoreIfMalformed=false, ignoreIfMissing=true, systemProperties=false, prefix=null}
2023-09-24T03:38:47.960+03:00  INFO 19624 --- [           main] d.f.bbmenu.BbmenuApplicationTests        : Starting BbmenuApplicationTests using Java 17.0.6 with PID 19624 (started by Furkan in C:\Users\Furkan\Documents\GitHub\fullstack-menu\bbmenu)
2023-09-24T03:38:47.961+03:00  INFO 19624 --- [           main] d.f.bbmenu.BbmenuApplicationTests        : No active profile set, falling back to 1 default profile: "default"
2023-09-24T03:38:48.953+03:00  INFO 19624 --- [           main] .s.d.r.c.RepositoryConfigurationDelegate : Bootstrapping Spring Data MongoDB repositories in DEFAULT mode.
2023-09-24T03:38:49.033+03:00  INFO 19624 --- [           main] .s.d.r.c.RepositoryConfigurationDelegate : Finished Spring Data repository scanning in 72 ms. Found 1 MongoDB repository interfaces.
2023-09-24T03:38:49.931+03:00  INFO 19624 --- [           main] org.mongodb.driver.client                : MongoClient with metadata {"driver": {"name": "mongo-java-driver|sync|spring-boot", "version": "4.9.1"}, "os": {"type": "Windows", "name": "Windows 10", "architecture": "amd64", "version": "10.0"}, "platform": "Java/Oracle Corporation/17.0.6+9-LTS-190"} created with settings MongoClientSettings{readPreference=primary, writeConcern=WriteConcern{w=null, wTimeout=null ms, journal=null}, retryWrites=true, retryReads=true, readConcern=ReadConcern{level=null}, credential=MongoCredential{mechanism=null, userName='sofixd', source='admin', password=<hidden>, mechanismProperties=<hidden>}, streamFactoryFactory=null, commandListeners=[], codecRegistry=ProvidersCodecRegistry{codecProviders=[ValueCodecProvider{}, BsonValueCodecProvider{}, DBRefCodecProvider{}, DBObjectCodecProvider{}, DocumentCodecProvider{}, CollectionCodecProvider{}, IterableCodecProvider{}, MapCodecProvider{}, GeoJsonCodecProvider{}, GridFSFileCodecProvider{}, Jsr310CodecProvider{}, JsonObjectCodecProvider{}, BsonCodecProvider{}, EnumCodecProvider{}, com.mongodb.client.model.mql.ExpressionCodecProvider@d2e6b0b, com.mongodb.Jep395RecordCodecProvider@1f1cddf3]}, loggerSettings=LoggerSettings{maxDocumentLength=1000}, clusterSettings={hosts=[127.0.0.1:27017], srvHost=cluster0.x4gpe9z.mongodb.net, srvServiceName=mongodb, mode=MULTIPLE, requiredClusterType=REPLICA_SET, requiredReplicaSetName='atlas-mu9he2-shard-0', serverSelector='null', clusterListeners='[]', serverSelectionTimeout='30000 ms', localThreshold='30000 ms'}, socketSettings=SocketSettings{connectTimeoutMS=10000, readTimeoutMS=0, receiveBufferSize=0, sendBufferSize=0}, heartbeatSocketSettings=SocketSettings{connectTimeoutMS=10000, readTimeoutMS=10000, receiveBufferSize=0, sendBufferSize=0}, connectionPoolSettings=ConnectionPoolSettings{maxSize=100, minSize=0, maxWaitTimeMS=120000, maxConnectionLifeTimeMS=0, maxConnectionIdleTimeMS=0, maintenanceInitialDelayMS=0, maintenanceFrequencyMS=60000, connectionPoolListeners=[], maxConnecting=2}, serverSettings=ServerSettings{heartbeatFrequencyMS=10000, minHeartbeatFrequencyMS=500, serverListeners='[]', serverMonitorListeners='[]'}, sslSettings=SslSettings{enabled=true, invalidHostNameAllowed=false, context=null}, applicationName='null', compressorList=[], uuidRepresentation=JAVA_LEGACY, serverApi=null, autoEncryptionSettings=null, contextProvider=null}
2023-09-24T03:38:49.978+03:00  INFO 19624 --- [e9z.mongodb.net] org.mongodb.driver.cluster               : Adding discovered server ac-nttdpgt-shard-00-00.x4gpe9z.mongodb.net:27017 to client view of cluster
2023-09-24T03:38:50.012+03:00  INFO 19624 --- [e9z.mongodb.net] org.mongodb.driver.cluster               : Adding discovered server ac-nttdpgt-shard-00-01.x4gpe9z.mongodb.net:27017 to client view of cluster
2023-09-24T03:38:50.013+03:00  INFO 19624 --- [e9z.mongodb.net] org.mongodb.driver.cluster               : Adding discovered server ac-nttdpgt-shard-00-02.x4gpe9z.mongodb.net:27017 to client view of cluster
2023-09-24T03:38:50.866+03:00  INFO 19624 --- [ngodb.net:27017] org.mongodb.driver.cluster               : Monitor thread successfully connected to server with description ServerDescription{address=ac-nttdpgt-shard-00-00.x4gpe9z.mongodb.net:27017, type=REPLICA_SET_SECONDARY, state=CONNECTED, ok=true, minWireVersion=0, maxWireVersion=17, maxDocumentSize=16777216, logicalSessionTimeoutMinutes=30, roundTripTimeNanos=344853000, setName='atlas-mu9he2-shard-0', canonicalAddress=ac-nttdpgt-shard-00-00.x4gpe9z.mongodb.net:27017, hosts=[ac-nttdpgt-shard-00-00.x4gpe9z.mongodb.net:27017, ac-nttdpgt-shard-00-01.x4gpe9z.mongodb.net:27017, ac-nttdpgt-shard-00-02.x4gpe9z.mongodb.net:27017], passives=[], arbiters=[], primary='ac-nttdpgt-shard-00-01.x4gpe9z.mongodb.net:27017', tagSet=TagSet{[Tag{name='nodeType', value='ELECTABLE'}, Tag{name='provider', value='AWS'}, Tag{name='region', value='EU_CENTRAL_1'}, Tag{name='workloadType', value='OPERATIONAL'}]}, electionId=null, setVersion=7, topologyVersion=TopologyVersion{processId=650de26c67dd12f7bf815c0a, counter=4}, lastWriteDate=Sun Sep 24 03:38:50 TRT 2023, lastUpdateTimeNanos=846264720076300}
2023-09-24T03:38:50.867+03:00  INFO 19624 --- [ngodb.net:27017] org.mongodb.driver.cluster               : Monitor thread successfully connected to server with description ServerDescription{address=ac-nttdpgt-shard-00-02.x4gpe9z.mongodb.net:27017, type=REPLICA_SET_SECONDARY, state=CONNECTED, ok=true, minWireVersion=0, maxWireVersion=17, maxDocumentSize=16777216, logicalSessionTimeoutMinutes=30, roundTripTimeNanos=345036800, setName='atlas-mu9he2-shard-0', canonicalAddress=ac-nttdpgt-shard-00-02.x4gpe9z.mongodb.net:27017, hosts=[ac-nttdpgt-shard-00-00.x4gpe9z.mongodb.net:27017, ac-nttdpgt-shard-00-01.x4gpe9z.mongodb.net:27017, ac-nttdpgt-shard-00-02.x4gpe9z.mongodb.net:27017], passives=[], arbiters=[], primary='ac-nttdpgt-shard-00-01.x4gpe9z.mongodb.net:27017', tagSet=TagSet{[Tag{name='nodeType', value='ELECTABLE'}, Tag{name='provider', value='AWS'}, Tag{name='region', value='EU_CENTRAL_1'}, Tag{name='workloadType', value='OPERATIONAL'}]}, electionId=null, setVersion=7, topologyVersion=TopologyVersion{processId=650de476cd36438d6d24fb5b, counter=3}, lastWriteDate=Sun Sep 24 03:38:50 TRT 2023, lastUpdateTimeNanos=846264720259500}
2023-09-24T03:38:50.870+03:00  INFO 19624 --- [ngodb.net:27017] org.mongodb.driver.cluster               : Monitor thread successfully connected to server with description ServerDescription{address=ac-nttdpgt-shard-00-01.x4gpe9z.mongodb.net:27017, type=REPLICA_SET_PRIMARY, state=CONNECTED, ok=true, minWireVersion=0, maxWireVersion=17, maxDocumentSize=16777216, logicalSessionTimeoutMinutes=30, roundTripTimeNanos=344849300, setName='atlas-mu9he2-shard-0', canonicalAddress=ac-nttdpgt-shard-00-01.x4gpe9z.mongodb.net:27017, hosts=[ac-nttdpgt-shard-00-00.x4gpe9z.mongodb.net:27017, ac-nttdpgt-shard-00-01.x4gpe9z.mongodb.net:27017, ac-nttdpgt-shard-00-02.x4gpe9z.mongodb.net:27017], passives=[], arbiters=[], primary='ac-nttdpgt-shard-00-01.x4gpe9z.mongodb.net:27017', tagSet=TagSet{[Tag{name='nodeType', value='ELECTABLE'}, Tag{name='provider', value='AWS'}, Tag{name='region', value='EU_CENTRAL_1'}, Tag{name='workloadType', value='OPERATIONAL'}]}, electionId=7fffffff00000000000001c8, setVersion=7, topologyVersion=TopologyVersion{processId=650de3889eed4bfa9549821e, counter=6}, lastWriteDate=Sun Sep 24 03:38:50 TRT 2023, lastUpdateTimeNanos=846264720074200}
2023-09-24T03:38:50.873+03:00  INFO 19624 --- [ngodb.net:27017] org.mongodb.driver.cluster               : Discovered replica set primary ac-nttdpgt-shard-00-01.x4gpe9z.mongodb.net:27017 with max election id 7fffffff00000000000001c8 and max set version 7
2023-09-24T03:38:51.485+03:00  INFO 19624 --- [           main] d.f.bbmenu.BbmenuApplicationTests        : Started BbmenuApplicationTests in 4.01 seconds (process running for 5.409)
]]></system-out>
  </testcase>
</testsuite>